# Logfile created on 2014-03-09 22:56:15 -0500 by logger.rb/44203
I, [2014-03-09T22:56:15.247684 #1929]  INFO -- : 0:  timers (1.1.0) from /Users/dkarter/.rvm/gems/ruby-2.1.0/specifications/timers-1.1.0.gemspec
I, [2014-03-09T22:56:15.247972 #1929]  INFO -- : 0:  celluloid (0.15.2) from /Users/dkarter/.rvm/gems/ruby-2.1.0/specifications/celluloid-0.15.2.gemspec
I, [2014-03-09T22:56:15.248159 #1929]  INFO -- : 0:  nio4r (1.0.0) from /Users/dkarter/.rvm/gems/ruby-2.1.0/specifications/nio4r-1.0.0.gemspec
I, [2014-03-09T22:56:15.248358 #1929]  INFO -- : 0:  celluloid-io (0.15.0) from /Users/dkarter/.rvm/gems/ruby-2.1.0/specifications/celluloid-io-0.15.0.gemspec
I, [2014-03-09T22:56:15.248567 #1929]  INFO -- : 0:  coderay (1.1.0) from /Users/dkarter/.rvm/gems/ruby-2.1.0/specifications/coderay-1.1.0.gemspec
I, [2014-03-09T22:56:15.248780 #1929]  INFO -- : 0:  diff-lcs (1.2.5) from /Users/dkarter/.rvm/gems/ruby-2.1.0/specifications/diff-lcs-1.2.5.gemspec
I, [2014-03-09T22:56:15.248986 #1929]  INFO -- : 0:  ffi (1.9.3) from /Users/dkarter/.rvm/gems/ruby-2.1.0/specifications/ffi-1.9.3.gemspec
I, [2014-03-09T22:56:15.249194 #1929]  INFO -- : 0:  formatador (0.2.4) from /Users/dkarter/.rvm/gems/ruby-2.1.0/specifications/formatador-0.2.4.gemspec
I, [2014-03-09T22:56:15.249395 #1929]  INFO -- : 0:  rb-fsevent (0.9.4) from /Users/dkarter/.rvm/gems/ruby-2.1.0/specifications/rb-fsevent-0.9.4.gemspec
I, [2014-03-09T22:56:15.249554 #1929]  INFO -- : 0:  rb-inotify (0.9.3) from /Users/dkarter/.rvm/gems/ruby-2.1.0/specifications/rb-inotify-0.9.3.gemspec
I, [2014-03-09T22:56:15.249724 #1929]  INFO -- : 0:  listen (2.7.0) from /Users/dkarter/.rvm/gems/ruby-2.1.0/specifications/listen-2.7.0.gemspec
I, [2014-03-09T22:56:15.249889 #1929]  INFO -- : 0:  lumberjack (1.0.4) from /Users/dkarter/.rvm/gems/ruby-2.1.0/specifications/lumberjack-1.0.4.gemspec
I, [2014-03-09T22:56:15.250270 #1929]  INFO -- : 0:  method_source (0.8.2) from /Users/dkarter/.rvm/gems/ruby-2.1.0/specifications/method_source-0.8.2.gemspec
I, [2014-03-09T22:56:15.250438 #1929]  INFO -- : 0:  slop (3.4.7) from /Users/dkarter/.rvm/gems/ruby-2.1.0/specifications/slop-3.4.7.gemspec
I, [2014-03-09T22:56:15.250606 #1929]  INFO -- : 0:  pry (0.9.12.6) from /Users/dkarter/.rvm/gems/ruby-2.1.0/specifications/pry-0.9.12.6.gemspec
I, [2014-03-09T22:56:15.250776 #1929]  INFO -- : 0:  thor (0.18.1) from /Users/dkarter/.rvm/gems/ruby-2.1.0@global/specifications/thor-0.18.1.gemspec
I, [2014-03-09T22:56:15.250933 #1929]  INFO -- : 0:  guard (2.5.1) from /Users/dkarter/.rvm/gems/ruby-2.1.0/specifications/guard-2.5.1.gemspec
I, [2014-03-09T22:56:15.251103 #1929]  INFO -- : 0:  rspec-core (2.14.8) from /Users/dkarter/.rvm/gems/ruby-2.1.0/specifications/rspec-core-2.14.8.gemspec
I, [2014-03-09T22:56:15.251276 #1929]  INFO -- : 0:  rspec-expectations (2.14.5) from /Users/dkarter/.rvm/gems/ruby-2.1.0/specifications/rspec-expectations-2.14.5.gemspec
I, [2014-03-09T22:56:15.251443 #1929]  INFO -- : 0:  rspec-mocks (2.14.6) from /Users/dkarter/.rvm/gems/ruby-2.1.0/specifications/rspec-mocks-2.14.6.gemspec
I, [2014-03-09T22:56:15.251609 #1929]  INFO -- : 0:  rspec (2.14.1) from /Users/dkarter/.rvm/gems/ruby-2.1.0/specifications/rspec-2.14.1.gemspec
I, [2014-03-09T22:56:15.251773 #1929]  INFO -- : 0:  guard-rspec (4.2.8) from /Users/dkarter/.rvm/gems/ruby-2.1.0/specifications/guard-rspec-4.2.8.gemspec
I, [2014-03-09T22:56:15.251927 #1929]  INFO -- : 0:  terminal-notifier-guard (1.5.3) from /Users/dkarter/.rvm/gems/ruby-2.1.0/specifications/terminal-notifier-guard-1.5.3.gemspec
I, [2014-03-09T22:56:15.252084 #1929]  INFO -- : 0:  bundler (1.5.1) from /Users/dkarter/.rvm/gems/ruby-2.1.0@global/specifications/bundler-1.5.1.gemspec
